# JRE version: OpenJDK Runtime Environment Temurin-21.0.7+6 (21.0.7+6) (build 21.0.7+6-LTS)
# Java VM: OpenJDK 64-Bit Server VM Temurin-21.0.7+6 (21.0.7+6-LTS, mixed mode, sharing, tiered, compressed oops, compressed class ptrs, parallel gc, windows-amd64)
GC Precious Log:
 CardTable entry size: 512
 CPUs: 12 total, 12 available
 Memory: 15731M
 Large Page Support: Disabled
 NUMA Support: Disabled
 Compressed Oops: Enabled (32-bit)
 Alignments: Space 512K, Generation 512K, Heap 2M
 Heap Min Capacity: 100M
 Heap Initial Capacity: 100M
 Heap Max Capacity: 2G
 Pre-touch: Disabled
 Parallel Workers: 10
Heap:
 PSYoungGen      total 17920K, used 2051K [0x00000000d5580000, 0x00000000d6f80000, 0x0000000100000000)
  eden space 17408K, 8% used [0x00000000d5580000,0x00000000d5700d20,0x00000000d6680000)
  from space 512K, 100% used [0x00000000d6a00000,0x00000000d6a80000,0x00000000d6a80000)
  to   space 3584K, 0% used [0x00000000d6680000,0x00000000d6680000,0x00000000d6a00000)
 ParOldGen       total 70144K, used 69998K [0x0000000080000000, 0x0000000084480000, 0x00000000d5580000)
  object space 70144K, 99% used [0x0000000080000000,0x000000008445b9a8,0x0000000084480000)
 Metaspace       used 54331K, committed 55552K, reserved 1114112K
  class space    used 5163K, committed 5696K, reserved 1048576K
GC Heap History (20 events):
Event: 3028.204 GC heap before
{Heap before GC invocations=55 (full 2):
 PSYoungGen      total 19968K, used 19968K [0x00000000d5580000, 0x00000000d6e80000, 0x0000000100000000)
  eden space 19456K, 100% used [0x00000000d5580000,0x00000000d6880000,0x00000000d6880000)
  from space 512K, 100% used [0x00000000d6b80000,0x00000000d6c00000,0x00000000d6c00000)
  to   space 3072K, 0% used [0x00000000d6880000,0x00000000d6880000,0x00000000d6b80000)
 ParOldGen       total 68608K, used 63117K [0x0000000080000000, 0x0000000084300000, 0x00000000d5580000)
  object space 68608K, 91% used [0x0000000080000000,0x0000000083da3688,0x0000000084300000)
 Metaspace       used 53837K, committed 55040K, reserved 1114112K
  class space    used 5161K, committed 5696K, reserved 1048576K
}
Event: 3028.206 GC heap after
{Heap after GC invocations=55 (full 2):
 PSYoungGen      total 20992K, used 1229K [0x00000000d5580000, 0x00000000d6c80000, 0x0000000100000000)
  eden space 19456K, 0% used [0x00000000d5580000,0x00000000d5580000,0x00000000d6880000)
  from space 1536K, 80% used [0x00000000d6880000,0x00000000d69b3520,0x00000000d6a00000)
  to   space 2048K, 0% used [0x00000000d6a80000,0x00000000d6a80000,0x00000000d6c80000)
 ParOldGen       total 68608K, used 63477K [0x0000000080000000, 0x0000000084300000, 0x00000000d5580000)
  object space 68608K, 92% used [0x0000000080000000,0x0000000083dfd688,0x0000000084300000)
 Metaspace       used 53837K, committed 55040K, reserved 1114112K
  class space    used 5161K, committed 5696K, reserved 1048576K
}
Event: 3036.833 GC heap before
{Heap before GC invocations=56 (full 2):
 PSYoungGen      total 20992K, used 20685K [0x00000000d5580000, 0x00000000d6c80000, 0x0000000100000000)
  eden space 19456K, 100% used [0x00000000d5580000,0x00000000d6880000,0x00000000d6880000)
  from space 1536K, 80% used [0x00000000d6880000,0x00000000d69b3520,0x00000000d6a00000)
  to   space 2048K, 0% used [0x00000000d6a80000,0x00000000d6a80000,0x00000000d6c80000)
 ParOldGen       total 68608K, used 63477K [0x0000000080000000, 0x0000000084300000, 0x00000000d5580000)
  object space 68608K, 92% used [0x0000000080000000,0x0000000083dfd688,0x0000000084300000)
 Metaspace       used 53962K, committed 55232K, reserved 1114112K
  class space    used 5161K, committed 5696K, reserved 1048576K
}
Event: 3036.836 GC heap after
{Heap after GC invocations=56 (full 2):
 PSYoungGen      total 19968K, used 224K [0x00000000d5580000, 0x00000000d6b00000, 0x0000000100000000)
  eden space 19456K, 0% used [0x00000000d5580000,0x00000000d5580000,0x00000000d6880000)
  from space 512K, 43% used [0x00000000d6a80000,0x00000000d6ab8000,0x00000000d6b00000)
  to   space 1024K, 0% used [0x00000000d6900000,0x00000000d6900000,0x00000000d6a00000)
 ParOldGen       total 68608K, used 64517K [0x0000000080000000, 0x0000000084300000, 0x00000000d5580000)
  object space 68608K, 94% used [0x0000000080000000,0x0000000083f014a8,0x0000000084300000)
 Metaspace       used 53962K, committed 55232K, reserved 1114112K
  class space    used 5161K, committed 5696K, reserved 1048576K
}
Event: 3041.903 GC heap before
{Heap before GC invocations=57 (full 2):
 PSYoungGen      total 19968K, used 19680K [0x00000000d5580000, 0x00000000d6b00000, 0x0000000100000000)
  eden space 19456K, 100% used [0x00000000d5580000,0x00000000d6880000,0x00000000d6880000)
  from space 512K, 43% used [0x00000000d6a80000,0x00000000d6ab8000,0x00000000d6b00000)
  to   space 1024K, 0% used [0x00000000d6900000,0x00000000d6900000,0x00000000d6a00000)
 ParOldGen       total 68608K, used 64517K [0x0000000080000000, 0x0000000084300000, 0x00000000d5580000)
  object space 68608K, 94% used [0x0000000080000000,0x0000000083f014a8,0x0000000084300000)
 Metaspace       used 53993K, committed 55232K, reserved 1114112K
  class space    used 5161K, committed 5696K, reserved 1048576K
}
Event: 3041.904 GC heap after
{Heap after GC invocations=57 (full 2):
 PSYoungGen      total 20480K, used 336K [0x00000000d5580000, 0x00000000d6b00000, 0x0000000100000000)
  eden space 19456K, 0% used [0x00000000d5580000,0x00000000d5580000,0x00000000d6880000)
  from space 1024K, 32% used [0x00000000d6900000,0x00000000d6954010,0x00000000d6a00000)
  to   space 512K, 0% used [0x00000000d6a80000,0x00000000d6a80000,0x00000000d6b00000)
 ParOldGen       total 68608K, used 64573K [0x0000000080000000, 0x0000000084300000, 0x00000000d5580000)
  object space 68608K, 94% used [0x0000000080000000,0x0000000083f0f4a8,0x0000000084300000)
 Metaspace       used 53993K, committed 55232K, reserved 1114112K
  class space    used 5161K, committed 5696K, reserved 1048576K
}
Event: 3044.924 GC heap before
{Heap before GC invocations=58 (full 2):
 PSYoungGen      total 20480K, used 18693K [0x00000000d5580000, 0x00000000d6b00000, 0x0000000100000000)
  eden space 19456K, 94% used [0x00000000d5580000,0x00000000d676d6c8,0x00000000d6880000)
  from space 1024K, 32% used [0x00000000d6900000,0x00000000d6954010,0x00000000d6a00000)
  to   space 512K, 0% used [0x00000000d6a80000,0x00000000d6a80000,0x00000000d6b00000)
 ParOldGen       total 68608K, used 64573K [0x0000000080000000, 0x0000000084300000, 0x00000000d5580000)
  object space 68608K, 94% used [0x0000000080000000,0x0000000083f0f4a8,0x0000000084300000)
 Metaspace       used 54099K, committed 55360K, reserved 1114112K
  class space    used 5161K, committed 5696K, reserved 1048576K
}
Event: 3044.925 GC heap after
{Heap after GC invocations=58 (full 2):
 PSYoungGen      total 19968K, used 512K [0x00000000d5580000, 0x00000000d6b00000, 0x0000000100000000)
  eden space 19456K, 0% used [0x00000000d5580000,0x00000000d5580000,0x00000000d6880000)
  from space 512K, 100% used [0x00000000d6a80000,0x00000000d6b00000,0x00000000d6b00000)
  to   space 1024K, 0% used [0x00000000d6900000,0x00000000d6900000,0x00000000d6a00000)
 ParOldGen       total 68608K, used 64685K [0x0000000080000000, 0x0000000084300000, 0x00000000d5580000)
  object space 68608K, 94% used [0x0000000080000000,0x0000000083f2b4b8,0x0000000084300000)
 Metaspace       used 54099K, committed 55360K, reserved 1114112K
  class space    used 5161K, committed 5696K, reserved 1048576K
}
Event: 3047.994 GC heap before
{Heap before GC invocations=59 (full 2):
 PSYoungGen      total 19968K, used 19968K [0x00000000d5580000, 0x00000000d6b00000, 0x0000000100000000)
  eden space 19456K, 100% used [0x00000000d5580000,0x00000000d6880000,0x00000000d6880000)
  from space 512K, 100% used [0x00000000d6a80000,0x00000000d6b00000,0x00000000d6b00000)
  to   space 1024K, 0% used [0x00000000d6900000,0x00000000d6900000,0x00000000d6a00000)
 ParOldGen       total 68608K, used 64685K [0x0000000080000000, 0x0000000084300000, 0x00000000d5580000)
  object space 68608K, 94% used [0x0000000080000000,0x0000000083f2b4b8,0x0000000084300000)
 Metaspace       used 54144K, committed 55360K, reserved 1114112K
  class space    used 5162K, committed 5696K, reserved 1048576K
}
Event: 3047.996 GC heap after
{Heap after GC invocations=59 (full 2):
 PSYoungGen      total 20480K, used 848K [0x00000000d5580000, 0x00000000d6b00000, 0x0000000100000000)
  eden space 19456K, 0% used [0x00000000d5580000,0x00000000d5580000,0x00000000d6880000)
  from space 1024K, 82% used [0x00000000d6900000,0x00000000d69d4010,0x00000000d6a00000)
  to   space 1024K, 0% used [0x00000000d6a00000,0x00000000d6a00000,0x00000000d6b00000)
 ParOldGen       total 68608K, used 65198K [0x0000000080000000, 0x0000000084300000, 0x00000000d5580000)
  object space 68608K, 95% used [0x0000000080000000,0x0000000083fab948,0x0000000084300000)
 Metaspace       used 54144K, committed 55360K, reserved 1114112K
  class space    used 5162K, committed 5696K, reserved 1048576K
}
Event: 3079.552 GC heap before
{Heap before GC invocations=60 (full 2):
 PSYoungGen      total 20480K, used 20304K [0x00000000d5580000, 0x00000000d6b00000, 0x0000000100000000)
  eden space 19456K, 100% used [0x00000000d5580000,0x00000000d6880000,0x00000000d6880000)
  from space 1024K, 82% used [0x00000000d6900000,0x00000000d69d4010,0x00000000d6a00000)
  to   space 1024K, 0% used [0x00000000d6a00000,0x00000000d6a00000,0x00000000d6b00000)
 ParOldGen       total 68608K, used 65198K [0x0000000080000000, 0x0000000084300000, 0x00000000d5580000)
  object space 68608K, 95% used [0x0000000080000000,0x0000000083fab948,0x0000000084300000)
 Metaspace       used 54157K, committed 55360K, reserved 1114112K
  class space    used 5162K, committed 5696K, reserved 1048576K
}
Event: 3079.553 GC heap after
{Heap after GC invocations=60 (full 2):
 PSYoungGen      total 20480K, used 672K [0x00000000d5580000, 0x00000000d6b00000, 0x0000000100000000)
  eden space 19456K, 0% used [0x00000000d5580000,0x00000000d5580000,0x00000000d6880000)
  from space 1024K, 65% used [0x00000000d6a00000,0x00000000d6aa8000,0x00000000d6b00000)
  to   space 1024K, 0% used [0x00000000d6900000,0x00000000d6900000,0x00000000d6a00000)
 ParOldGen       total 68608K, used 65815K [0x0000000080000000, 0x0000000084300000, 0x00000000d5580000)
  object space 68608K, 95% used [0x0000000080000000,0x0000000084045de8,0x0000000084300000)
 Metaspace       used 54157K, committed 55360K, reserved 1114112K
  class space    used 5162K, committed 5696K, reserved 1048576K
}
Event: 3079.627 GC heap before
{Heap before GC invocations=61 (full 2):
 PSYoungGen      total 20480K, used 20124K [0x00000000d5580000, 0x00000000d6b00000, 0x0000000100000000)
  eden space 19456K, 99% used [0x00000000d5580000,0x00000000d687f3a8,0x00000000d6880000)
  from space 1024K, 65% used [0x00000000d6a00000,0x00000000d6aa8000,0x00000000d6b00000)
  to   space 1024K, 0% used [0x00000000d6900000,0x00000000d6900000,0x00000000d6a00000)
 ParOldGen       total 68608K, used 65815K [0x0000000080000000, 0x0000000084300000, 0x00000000d5580000)
  object space 68608K, 95% used [0x0000000080000000,0x0000000084045de8,0x0000000084300000)
 Metaspace       used 54166K, committed 55360K, reserved 1114112K
  class space    used 5162K, committed 5696K, reserved 1048576K
}
Event: 3079.629 GC heap after
{Heap after GC invocations=61 (full 2):
 PSYoungGen      total 20480K, used 662K [0x00000000d5580000, 0x00000000d6a80000, 0x0000000100000000)
  eden space 19456K, 0% used [0x00000000d5580000,0x00000000d5580000,0x00000000d6880000)
  from space 1024K, 64% used [0x00000000d6900000,0x00000000d69a5ad8,0x00000000d6a00000)
  to   space 512K, 0% used [0x00000000d6a00000,0x00000000d6a00000,0x00000000d6a80000)
 ParOldGen       total 68608K, used 67690K [0x0000000080000000, 0x0000000084300000, 0x00000000d5580000)
  object space 68608K, 98% used [0x0000000080000000,0x000000008421a838,0x0000000084300000)
 Metaspace       used 54166K, committed 55360K, reserved 1114112K
  class space    used 5162K, committed 5696K, reserved 1048576K
}
Event: 3079.707 GC heap before
{Heap before GC invocations=62 (full 2):
 PSYoungGen      total 20480K, used 20118K [0x00000000d5580000, 0x00000000d6a80000, 0x0000000100000000)
  eden space 19456K, 100% used [0x00000000d5580000,0x00000000d6880000,0x00000000d6880000)
  from space 1024K, 64% used [0x00000000d6900000,0x00000000d69a5ad8,0x00000000d6a00000)
  to   space 512K, 0% used [0x00000000d6a00000,0x00000000d6a00000,0x00000000d6a80000)
 ParOldGen       total 68608K, used 67690K [0x0000000080000000, 0x0000000084300000, 0x00000000d5580000)
  object space 68608K, 98% used [0x0000000080000000,0x000000008421a838,0x0000000084300000)
 Metaspace       used 54171K, committed 55360K, reserved 1114112K
  class space    used 5162K, committed 5696K, reserved 1048576K
}
Event: 3079.708 GC heap after
{Heap after GC invocations=62 (full 2):
 PSYoungGen      total 19968K, used 288K [0x00000000d5580000, 0x00000000d6a80000, 0x0000000100000000)
  eden space 19456K, 0% used [0x00000000d5580000,0x00000000d5580000,0x00000000d6880000)
  from space 512K, 56% used [0x00000000d6a00000,0x00000000d6a48000,0x00000000d6a80000)
  to   space 512K, 0% used [0x00000000d6980000,0x00000000d6980000,0x00000000d6a00000)
 ParOldGen       total 68608K, used 67746K [0x0000000080000000, 0x0000000084300000, 0x00000000d5580000)
  object space 68608K, 98% used [0x0000000080000000,0x0000000084228838,0x0000000084300000)
 Metaspace       used 54171K, committed 55360K, reserved 1114112K
  class space    used 5162K, committed 5696K, reserved 1048576K
}
Event: 3104.887 GC heap before
{Heap before GC invocations=63 (full 2):
 PSYoungGen      total 19968K, used 19744K [0x00000000d5580000, 0x00000000d6a80000, 0x0000000100000000)
  eden space 19456K, 100% used [0x00000000d5580000,0x00000000d6880000,0x00000000d6880000)
  from space 512K, 56% used [0x00000000d6a00000,0x00000000d6a48000,0x00000000d6a80000)
  to   space 512K, 0% used [0x00000000d6980000,0x00000000d6980000,0x00000000d6a00000)
 ParOldGen       total 68608K, used 67746K [0x0000000080000000, 0x0000000084300000, 0x00000000d5580000)
  object space 68608K, 98% used [0x0000000080000000,0x0000000084228838,0x0000000084300000)
 Metaspace       used 54267K, committed 55424K, reserved 1114112K
  class space    used 5162K, committed 5696K, reserved 1048576K
}
Event: 3104.889 GC heap after
{Heap after GC invocations=63 (full 2):
 PSYoungGen      total 19968K, used 416K [0x00000000d5580000, 0x00000000d6a80000, 0x0000000100000000)
  eden space 19456K, 0% used [0x00000000d5580000,0x00000000d5580000,0x00000000d6880000)
  from space 512K, 81% used [0x00000000d6980000,0x00000000d69e8020,0x00000000d6a00000)
  to   space 512K, 0% used [0x00000000d6a00000,0x00000000d6a00000,0x00000000d6a80000)
 ParOldGen       total 68608K, used 67771K [0x0000000080000000, 0x0000000084300000, 0x00000000d5580000)
  object space 68608K, 98% used [0x0000000080000000,0x000000008422ec48,0x0000000084300000)
 Metaspace       used 54267K, committed 55424K, reserved 1114112K
  class space    used 5162K, committed 5696K, reserved 1048576K
}
Event: 3106.630 GC heap before
{Heap before GC invocations=64 (full 2):
 PSYoungGen      total 19968K, used 19872K [0x00000000d5580000, 0x00000000d6a80000, 0x0000000100000000)
  eden space 19456K, 100% used [0x00000000d5580000,0x00000000d6880000,0x00000000d6880000)
  from space 512K, 81% used [0x00000000d6980000,0x00000000d69e8020,0x00000000d6a00000)
  to   space 512K, 0% used [0x00000000d6a00000,0x00000000d6a00000,0x00000000d6a80000)
 ParOldGen       total 68608K, used 67771K [0x0000000080000000, 0x0000000084300000, 0x00000000d5580000)
  object space 68608K, 98% used [0x0000000080000000,0x000000008422ec48,0x0000000084300000)
 Metaspace       used 54318K, committed 55488K, reserved 1114112K
  class space    used 5163K, committed 5696K, reserved 1048576K
}
Event: 3106.633 GC heap after
{Heap after GC invocations=64 (full 2):
 PSYoungGen      total 17920K, used 512K [0x00000000d5580000, 0x00000000d6f80000, 0x0000000100000000)
  eden space 17408K, 0% used [0x00000000d5580000,0x00000000d5580000,0x00000000d6680000)
  from space 512K, 100% used [0x00000000d6a00000,0x00000000d6a80000,0x00000000d6a80000)
  to   space 3584K, 0% used [0x00000000d6680000,0x00000000d6680000,0x00000000d6a00000)
 ParOldGen       total 70144K, used 69998K [0x0000000080000000, 0x0000000084480000, 0x00000000d5580000)
  object space 70144K, 99% used [0x0000000080000000,0x000000008445b9a8,0x0000000084480000)
 Metaspace       used 54318K, committed 55488K, reserved 1114112K
  class space    used 5163K, committed 5696K, reserved 1048576K
}

