# JRE version: OpenJDK Runtime Environment Temurin-21.0.8+9 (21.0.8+9) (build 21.0.8+9-LTS)
# Java VM: OpenJDK 64-Bit Server VM Temurin-21.0.8+9 (21.0.8+9-LTS, mixed mode, sharing, tiered, compressed oops, compressed class ptrs, parallel gc, windows-amd64)
GC Precious Log:
 CardTable entry size: 512
 CPUs: 12 total, 12 available
 Memory: 15731M
 Large Page Support: Disabled
 NUMA Support: Disabled
 Compressed Oops: Enabled (32-bit)
 Alignments: Space 512K, Generation 512K, Heap 2M
 Heap Min Capacity: 100M
 Heap Initial Capacity: 100M
 Heap Max Capacity: 2G
 Pre-touch: Disabled
 Parallel Workers: 10
Heap:
 PSYoungGen      total 7680K, used 6479K [0x00000000d5580000, 0x00000000d5e80000, 0x0000000100000000)
  eden space 6144K, 96% used [0x00000000d5580000,0x00000000d5b4bea0,0x00000000d5b80000)
  from space 1536K, 35% used [0x00000000d5c80000,0x00000000d5d08000,0x00000000d5e00000)
  to   space 1024K, 0% used [0x00000000d5b80000,0x00000000d5b80000,0x00000000d5c80000)
 ParOldGen       total 1146368K, used 1146331K [0x0000000080000000, 0x00000000c5f80000, 0x00000000d5580000)
  object space 1146368K, 99% used [0x0000000080000000,0x00000000c5f76d20,0x00000000c5f80000)
 Metaspace       used 75064K, committed 76736K, reserved 1179648K
  class space    used 7456K, committed 8192K, reserved 1048576K
GC Heap History (20 events):
Event: 654.329 GC heap before
{Heap before GC invocations=1983 (full 4):
 PSYoungGen      total 3072K, used 3072K [0x00000000d5580000, 0x00000000d5c80000, 0x0000000100000000)
  eden space 2048K, 100% used [0x00000000d5580000,0x00000000d5780000,0x00000000d5780000)
  from space 1024K, 100% used [0x00000000d5a80000,0x00000000d5b80000,0x00000000d5b80000)
  to   space 2560K, 0% used [0x00000000d5780000,0x00000000d5780000,0x00000000d5a00000)
 ParOldGen       total 1104384K, used 1104009K [0x0000000080000000, 0x00000000c3680000, 0x00000000d5580000)
  object space 1104384K, 99% used [0x0000000080000000,0x00000000c36226d0,0x00000000c3680000)
 Metaspace       used 75034K, committed 76736K, reserved 1179648K
  class space    used 7456K, committed 8192K, reserved 1048576K
}
Event: 654.332 GC heap after
{Heap after GC invocations=1983 (full 4):
 PSYoungGen      total 4608K, used 1760K [0x00000000d5580000, 0x00000000d5c00000, 0x0000000100000000)
  eden space 2048K, 0% used [0x00000000d5580000,0x00000000d5580000,0x00000000d5780000)
  from space 2560K, 68% used [0x00000000d5780000,0x00000000d5938000,0x00000000d5a00000)
  to   space 2048K, 0% used [0x00000000d5a00000,0x00000000d5a00000,0x00000000d5c00000)
 ParOldGen       total 1105408K, used 1105057K [0x0000000080000000, 0x00000000c3780000, 0x00000000d5580000)
  object space 1105408K, 99% used [0x0000000080000000,0x00000000c37286d0,0x00000000c3780000)
 Metaspace       used 75034K, committed 76736K, reserved 1179648K
  class space    used 7456K, committed 8192K, reserved 1048576K
}
Event: 654.336 GC heap before
{Heap before GC invocations=1984 (full 4):
 PSYoungGen      total 4608K, used 3808K [0x00000000d5580000, 0x00000000d5c00000, 0x0000000100000000)
  eden space 2048K, 100% used [0x00000000d5580000,0x00000000d5780000,0x00000000d5780000)
  from space 2560K, 68% used [0x00000000d5780000,0x00000000d5938000,0x00000000d5a00000)
  to   space 2048K, 0% used [0x00000000d5a00000,0x00000000d5a00000,0x00000000d5c00000)
 ParOldGen       total 1105408K, used 1105057K [0x0000000080000000, 0x00000000c3780000, 0x00000000d5580000)
  object space 1105408K, 99% used [0x0000000080000000,0x00000000c37286d0,0x00000000c3780000)
 Metaspace       used 75034K, committed 76736K, reserved 1179648K
  class space    used 7456K, committed 8192K, reserved 1048576K
}
Event: 654.339 GC heap after
{Heap after GC invocations=1984 (full 4):
 PSYoungGen      total 4608K, used 1696K [0x00000000d5580000, 0x00000000d5c00000, 0x0000000100000000)
  eden space 2560K, 0% used [0x00000000d5580000,0x00000000d5580000,0x00000000d5800000)
  from space 2048K, 82% used [0x00000000d5a00000,0x00000000d5ba8000,0x00000000d5c00000)
  to   space 2048K, 0% used [0x00000000d5800000,0x00000000d5800000,0x00000000d5a00000)
 ParOldGen       total 1106944K, used 1106721K [0x0000000080000000, 0x00000000c3900000, 0x00000000d5580000)
  object space 1106944K, 99% used [0x0000000080000000,0x00000000c38c86d0,0x00000000c3900000)
 Metaspace       used 75034K, committed 76736K, reserved 1179648K
  class space    used 7456K, committed 8192K, reserved 1048576K
}
Event: 654.344 GC heap before
{Heap before GC invocations=1985 (full 4):
 PSYoungGen      total 4608K, used 4256K [0x00000000d5580000, 0x00000000d5c00000, 0x0000000100000000)
  eden space 2560K, 100% used [0x00000000d5580000,0x00000000d5800000,0x00000000d5800000)
  from space 2048K, 82% used [0x00000000d5a00000,0x00000000d5ba8000,0x00000000d5c00000)
  to   space 2048K, 0% used [0x00000000d5800000,0x00000000d5800000,0x00000000d5a00000)
 ParOldGen       total 1106944K, used 1106721K [0x0000000080000000, 0x00000000c3900000, 0x00000000d5580000)
  object space 1106944K, 99% used [0x0000000080000000,0x00000000c38c86d0,0x00000000c3900000)
 Metaspace       used 75034K, committed 76736K, reserved 1179648K
  class space    used 7456K, committed 8192K, reserved 1048576K
}
Event: 654.347 GC heap after
{Heap after GC invocations=1985 (full 4):
 PSYoungGen      total 4608K, used 2032K [0x00000000d5580000, 0x00000000d6080000, 0x0000000100000000)
  eden space 2560K, 0% used [0x00000000d5580000,0x00000000d5580000,0x00000000d5800000)
  from space 2048K, 99% used [0x00000000d5800000,0x00000000d59fc010,0x00000000d5a00000)
  to   space 4096K, 0% used [0x00000000d5c80000,0x00000000d5c80000,0x00000000d6080000)
 ParOldGen       total 1108480K, used 1108393K [0x0000000080000000, 0x00000000c3a80000, 0x00000000d5580000)
  object space 1108480K, 99% used [0x0000000080000000,0x00000000c3a6a6d0,0x00000000c3a80000)
 Metaspace       used 75034K, committed 76736K, reserved 1179648K
  class space    used 7456K, committed 8192K, reserved 1048576K
}
Event: 654.355 GC heap before
{Heap before GC invocations=1986 (full 4):
 PSYoungGen      total 4608K, used 4592K [0x00000000d5580000, 0x00000000d6080000, 0x0000000100000000)
  eden space 2560K, 100% used [0x00000000d5580000,0x00000000d5800000,0x00000000d5800000)
  from space 2048K, 99% used [0x00000000d5800000,0x00000000d59fc010,0x00000000d5a00000)
  to   space 4096K, 0% used [0x00000000d5c80000,0x00000000d5c80000,0x00000000d6080000)
 ParOldGen       total 1108480K, used 1108393K [0x0000000080000000, 0x00000000c3a80000, 0x00000000d5580000)
  object space 1108480K, 99% used [0x0000000080000000,0x00000000c3a6a6d0,0x00000000c3a80000)
 Metaspace       used 75034K, committed 76736K, reserved 1179648K
  class space    used 7456K, committed 8192K, reserved 1048576K
}
Event: 654.359 GC heap after
{Heap after GC invocations=1986 (full 4):
 PSYoungGen      total 4608K, used 1488K [0x00000000d5580000, 0x00000000d5e00000, 0x0000000100000000)
  eden space 3072K, 0% used [0x00000000d5580000,0x00000000d5580000,0x00000000d5880000)
  from space 1536K, 96% used [0x00000000d5c80000,0x00000000d5df4000,0x00000000d5e00000)
  to   space 2560K, 0% used [0x00000000d5900000,0x00000000d5900000,0x00000000d5b80000)
 ParOldGen       total 1110528K, used 1110432K [0x0000000080000000, 0x00000000c3c80000, 0x00000000d5580000)
  object space 1110528K, 99% used [0x0000000080000000,0x00000000c3c680c0,0x00000000c3c80000)
 Metaspace       used 75034K, committed 76736K, reserved 1179648K
  class space    used 7456K, committed 8192K, reserved 1048576K
}
Event: 654.374 GC heap before
{Heap before GC invocations=1987 (full 4):
 PSYoungGen      total 4608K, used 4347K [0x00000000d5580000, 0x00000000d5e00000, 0x0000000100000000)
  eden space 3072K, 93% used [0x00000000d5580000,0x00000000d584ac98,0x00000000d5880000)
  from space 1536K, 96% used [0x00000000d5c80000,0x00000000d5df4000,0x00000000d5e00000)
  to   space 2560K, 0% used [0x00000000d5900000,0x00000000d5900000,0x00000000d5b80000)
 ParOldGen       total 1110528K, used 1110432K [0x0000000080000000, 0x00000000c3c80000, 0x00000000d5580000)
  object space 1110528K, 99% used [0x0000000080000000,0x00000000c3c680c0,0x00000000c3c80000)
 Metaspace       used 75034K, committed 76736K, reserved 1179648K
  class space    used 7456K, committed 8192K, reserved 1048576K
}
Event: 654.377 GC heap after
{Heap after GC invocations=1987 (full 4):
 PSYoungGen      total 6144K, used 2432K [0x00000000d5580000, 0x00000000d5f80000, 0x0000000100000000)
  eden space 3584K, 0% used [0x00000000d5580000,0x00000000d5580000,0x00000000d5900000)
  from space 2560K, 95% used [0x00000000d5900000,0x00000000d5b60000,0x00000000d5b80000)
  to   space 3072K, 0% used [0x00000000d5c80000,0x00000000d5c80000,0x00000000d5f80000)
 ParOldGen       total 1111552K, used 1111455K [0x0000000080000000, 0x00000000c3d80000, 0x00000000d5580000)
  object space 1111552K, 99% used [0x0000000080000000,0x00000000c3d67d30,0x00000000c3d80000)
 Metaspace       used 75034K, committed 76736K, reserved 1179648K
  class space    used 7456K, committed 8192K, reserved 1048576K
}
Event: 654.888 GC heap before
{Heap before GC invocations=1988 (full 4):
 PSYoungGen      total 6144K, used 6016K [0x00000000d5580000, 0x00000000d5f80000, 0x0000000100000000)
  eden space 3584K, 100% used [0x00000000d5580000,0x00000000d5900000,0x00000000d5900000)
  from space 2560K, 95% used [0x00000000d5900000,0x00000000d5b60000,0x00000000d5b80000)
  to   space 3072K, 0% used [0x00000000d5c80000,0x00000000d5c80000,0x00000000d5f80000)
 ParOldGen       total 1143296K, used 1142175K [0x0000000080000000, 0x00000000c5c80000, 0x00000000d5580000)
  object space 1143296K, 99% used [0x0000000080000000,0x00000000c5b67d60,0x00000000c5c80000)
 Metaspace       used 75042K, committed 76736K, reserved 1179648K
  class space    used 7456K, committed 8192K, reserved 1048576K
}
Event: 654.892 GC heap after
{Heap after GC invocations=1988 (full 4):
 PSYoungGen      total 6144K, used 1024K [0x00000000d5580000, 0x00000000d5e00000, 0x0000000100000000)
  eden space 4608K, 0% used [0x00000000d5580000,0x00000000d5580000,0x00000000d5a00000)
  from space 1536K, 66% used [0x00000000d5c80000,0x00000000d5d80000,0x00000000d5e00000)
  to   space 2048K, 0% used [0x00000000d5a00000,0x00000000d5a00000,0x00000000d5c00000)
 ParOldGen       total 1143808K, used 1143599K [0x0000000080000000, 0x00000000c5d00000, 0x00000000d5580000)
  object space 1143808K, 99% used [0x0000000080000000,0x00000000c5ccbd60,0x00000000c5d00000)
 Metaspace       used 75042K, committed 76736K, reserved 1179648K
  class space    used 7456K, committed 8192K, reserved 1048576K
}
Event: 654.904 GC heap before
{Heap before GC invocations=1989 (full 4):
 PSYoungGen      total 6144K, used 5632K [0x00000000d5580000, 0x00000000d5e00000, 0x0000000100000000)
  eden space 4608K, 100% used [0x00000000d5580000,0x00000000d5a00000,0x00000000d5a00000)
  from space 1536K, 66% used [0x00000000d5c80000,0x00000000d5d80000,0x00000000d5e00000)
  to   space 2048K, 0% used [0x00000000d5a00000,0x00000000d5a00000,0x00000000d5c00000)
 ParOldGen       total 1143808K, used 1143599K [0x0000000080000000, 0x00000000c5d00000, 0x00000000d5580000)
  object space 1143808K, 99% used [0x0000000080000000,0x00000000c5ccbd60,0x00000000c5d00000)
 Metaspace       used 75044K, committed 76736K, reserved 1179648K
  class space    used 7456K, committed 8192K, reserved 1048576K
}
Event: 654.908 GC heap after
{Heap after GC invocations=1989 (full 4):
 PSYoungGen      total 6656K, used 756K [0x00000000d5580000, 0x00000000d5d00000, 0x0000000100000000)
  eden space 4608K, 0% used [0x00000000d5580000,0x00000000d5580000,0x00000000d5a00000)
  from space 2048K, 36% used [0x00000000d5a00000,0x00000000d5abd200,0x00000000d5c00000)
  to   space 1024K, 0% used [0x00000000d5c00000,0x00000000d5c00000,0x00000000d5d00000)
 ParOldGen       total 1144832K, used 1144456K [0x0000000080000000, 0x00000000c5e00000, 0x00000000d5580000)
  object space 1144832K, 99% used [0x0000000080000000,0x00000000c5da23e0,0x00000000c5e00000)
 Metaspace       used 75044K, committed 76736K, reserved 1179648K
  class space    used 7456K, committed 8192K, reserved 1048576K
}
Event: 654.922 GC heap before
{Heap before GC invocations=1990 (full 4):
 PSYoungGen      total 6656K, used 5364K [0x00000000d5580000, 0x00000000d5d00000, 0x0000000100000000)
  eden space 4608K, 99% used [0x00000000d5580000,0x00000000d59fffe0,0x00000000d5a00000)
  from space 2048K, 36% used [0x00000000d5a00000,0x00000000d5abd200,0x00000000d5c00000)
  to   space 1024K, 0% used [0x00000000d5c00000,0x00000000d5c00000,0x00000000d5d00000)
 ParOldGen       total 1144832K, used 1144456K [0x0000000080000000, 0x00000000c5e00000, 0x00000000d5580000)
  object space 1144832K, 99% used [0x0000000080000000,0x00000000c5da23e0,0x00000000c5e00000)
 Metaspace       used 75044K, committed 76736K, reserved 1179648K
  class space    used 7456K, committed 8192K, reserved 1048576K
}
Event: 654.925 GC heap after
{Heap after GC invocations=1990 (full 4):
 PSYoungGen      total 6656K, used 480K [0x00000000d5580000, 0x00000000d5d00000, 0x0000000100000000)
  eden space 5632K, 0% used [0x00000000d5580000,0x00000000d5580000,0x00000000d5b00000)
  from space 1024K, 46% used [0x00000000d5c00000,0x00000000d5c78000,0x00000000d5d00000)
  to   space 1024K, 0% used [0x00000000d5b00000,0x00000000d5b00000,0x00000000d5c00000)
 ParOldGen       total 1145344K, used 1145111K [0x0000000080000000, 0x00000000c5e80000, 0x00000000d5580000)
  object space 1145344K, 99% used [0x0000000080000000,0x00000000c5e45c70,0x00000000c5e80000)
 Metaspace       used 75044K, committed 76736K, reserved 1179648K
  class space    used 7456K, committed 8192K, reserved 1048576K
}
Event: 654.949 GC heap before
{Heap before GC invocations=1991 (full 4):
 PSYoungGen      total 6656K, used 6112K [0x00000000d5580000, 0x00000000d5d00000, 0x0000000100000000)
  eden space 5632K, 100% used [0x00000000d5580000,0x00000000d5b00000,0x00000000d5b00000)
  from space 1024K, 46% used [0x00000000d5c00000,0x00000000d5c78000,0x00000000d5d00000)
  to   space 1024K, 0% used [0x00000000d5b00000,0x00000000d5b00000,0x00000000d5c00000)
 ParOldGen       total 1145344K, used 1145111K [0x0000000080000000, 0x00000000c5e80000, 0x00000000d5580000)
  object space 1145344K, 99% used [0x0000000080000000,0x00000000c5e45c70,0x00000000c5e80000)
 Metaspace       used 75045K, committed 76736K, reserved 1179648K
  class space    used 7456K, committed 8192K, reserved 1048576K
}
Event: 654.952 GC heap after
{Heap after GC invocations=1991 (full 4):
 PSYoungGen      total 6656K, used 1014K [0x00000000d5580000, 0x00000000d5e00000, 0x0000000100000000)
  eden space 5632K, 0% used [0x00000000d5580000,0x00000000d5580000,0x00000000d5b00000)
  from space 1024K, 99% used [0x00000000d5b00000,0x00000000d5bfd890,0x00000000d5c00000)
  to   space 1536K, 0% used [0x00000000d5c80000,0x00000000d5c80000,0x00000000d5e00000)
 ParOldGen       total 1145856K, used 1145443K [0x0000000080000000, 0x00000000c5f00000, 0x00000000d5580000)
  object space 1145856K, 99% used [0x0000000080000000,0x00000000c5e98ce0,0x00000000c5f00000)
 Metaspace       used 75045K, committed 76736K, reserved 1179648K
  class space    used 7456K, committed 8192K, reserved 1048576K
}
Event: 654.964 GC heap before
{Heap before GC invocations=1992 (full 4):
 PSYoungGen      total 6656K, used 6646K [0x00000000d5580000, 0x00000000d5e00000, 0x0000000100000000)
  eden space 5632K, 100% used [0x00000000d5580000,0x00000000d5b00000,0x00000000d5b00000)
  from space 1024K, 99% used [0x00000000d5b00000,0x00000000d5bfd890,0x00000000d5c00000)
  to   space 1536K, 0% used [0x00000000d5c80000,0x00000000d5c80000,0x00000000d5e00000)
 ParOldGen       total 1145856K, used 1145443K [0x0000000080000000, 0x00000000c5f00000, 0x00000000d5580000)
  object space 1145856K, 99% used [0x0000000080000000,0x00000000c5e98ce0,0x00000000c5f00000)
 Metaspace       used 75045K, committed 76736K, reserved 1179648K
  class space    used 7456K, committed 8192K, reserved 1048576K
}
Event: 654.969 GC heap after
{Heap after GC invocations=1992 (full 4):
 PSYoungGen      total 7680K, used 544K [0x00000000d5580000, 0x00000000d5e80000, 0x0000000100000000)
  eden space 6144K, 0% used [0x00000000d5580000,0x00000000d5580000,0x00000000d5b80000)
  from space 1536K, 35% used [0x00000000d5c80000,0x00000000d5d08000,0x00000000d5e00000)
  to   space 1024K, 0% used [0x00000000d5b80000,0x00000000d5b80000,0x00000000d5c80000)
 ParOldGen       total 1146368K, used 1146331K [0x0000000080000000, 0x00000000c5f80000, 0x00000000d5580000)
  object space 1146368K, 99% used [0x0000000080000000,0x00000000c5f76d20,0x00000000c5f80000)
 Metaspace       used 75045K, committed 76736K, reserved 1179648K
  class space    used 7456K, committed 8192K, reserved 1048576K
}

