# JRE version: Java(TM) SE Runtime Environment (17.0.12+8) (build 17.0.12+8-LTS-286)
# Java VM: Java HotSpot(TM) 64-Bit Server VM (17.0.12+8-LTS-286, mixed mode, emulated-client, sharing, tiered, compressed oops, compressed class ptrs, g1 gc, windows-amd64)
GC Precious Log:
 CPUs: 12 total, 12 available
 Memory: 15731M
 Large Page Support: Disabled
 NUMA Support: Disabled
 Compressed Oops: Enabled (Zero based)
 Heap Region Size: 2M
 Heap Min Capacity: 8M
 Heap Initial Capacity: 246M
 Heap Max Capacity: 3934M
 Pre-touch: Disabled
 Parallel Workers: 10
 Concurrent Workers: 3
 Concurrent Refinement Workers: 10
 Periodic GC: Disabled
Heap:
 garbage-first heap   total 116736K, used 58749K [0x000000070a200000, 0x0000000800000000)
  region size 2048K, 14 young (28672K), 4 survivors (8192K)
 Metaspace       used 82129K, committed 82880K, reserved 1179648K
  class space    used 11903K, committed 12288K, reserved 1048576K
GC Heap History (20 events):
Event: 3185.838 GC heap before
{Heap before GC invocations=75 (full 14):
 garbage-first heap   total 116736K, used 86790K [0x000000070a200000, 0x0000000800000000)
  region size 2048K, 27 young (55296K), 3 survivors (6144K)
 Metaspace       used 81172K, committed 82112K, reserved 1179648K
  class space    used 11800K, committed 12160K, reserved 1048576K
}
Event: 3185.842 GC heap after
{Heap after GC invocations=76 (full 14):
 garbage-first heap   total 116736K, used 39991K [0x000000070a200000, 0x0000000800000000)
  region size 2048K, 4 young (8192K), 4 survivors (8192K)
 Metaspace       used 81172K, committed 82112K, reserved 1179648K
  class space    used 11800K, committed 12160K, reserved 1048576K
}
Event: 3193.882 GC heap before
{Heap before GC invocations=76 (full 14):
 garbage-first heap   total 116736K, used 46135K [0x000000070a200000, 0x0000000800000000)
  region size 2048K, 8 young (16384K), 4 survivors (8192K)
 Metaspace       used 81374K, committed 82112K, reserved 1179648K
  class space    used 11823K, committed 12160K, reserved 1048576K
}
Event: 3193.938 GC heap after
{Heap after GC invocations=77 (full 15):
 garbage-first heap   total 116736K, used 33795K [0x000000070a200000, 0x0000000800000000)
  region size 2048K, 0 young (0K), 0 survivors (0K)
 Metaspace       used 80709K, committed 82048K, reserved 1179648K
  class space    used 11769K, committed 12160K, reserved 1048576K
}
Event: 3194.473 GC heap before
{Heap before GC invocations=77 (full 15):
 garbage-first heap   total 116736K, used 89091K [0x000000070a200000, 0x0000000800000000)
  region size 2048K, 27 young (55296K), 0 survivors (0K)
 Metaspace       used 80907K, committed 82048K, reserved 1179648K
  class space    used 11790K, committed 12160K, reserved 1048576K
}
Event: 3194.477 GC heap after
{Heap after GC invocations=78 (full 15):
 garbage-first heap   total 116736K, used 37891K [0x000000070a200000, 0x0000000800000000)
  region size 2048K, 2 young (4096K), 2 survivors (4096K)
 Metaspace       used 80907K, committed 82048K, reserved 1179648K
  class space    used 11790K, committed 12160K, reserved 1048576K
}
Event: 3198.129 GC heap before
{Heap before GC invocations=78 (full 15):
 garbage-first heap   total 116736K, used 89091K [0x000000070a200000, 0x0000000800000000)
  region size 2048K, 27 young (55296K), 2 survivors (4096K)
 Metaspace       used 81404K, committed 82176K, reserved 1179648K
  class space    used 11837K, committed 12224K, reserved 1048576K
}
Event: 3198.133 GC heap after
{Heap after GC invocations=79 (full 15):
 garbage-first heap   total 116736K, used 40539K [0x000000070a200000, 0x0000000800000000)
  region size 2048K, 4 young (8192K), 4 survivors (8192K)
 Metaspace       used 81404K, committed 82176K, reserved 1179648K
  class space    used 11837K, committed 12224K, reserved 1048576K
}
Event: 3255.058 GC heap before
{Heap before GC invocations=79 (full 15):
 garbage-first heap   total 116736K, used 50779K [0x000000070a200000, 0x0000000800000000)
  region size 2048K, 10 young (20480K), 4 survivors (8192K)
 Metaspace       used 81419K, committed 82176K, reserved 1179648K
  class space    used 11839K, committed 12224K, reserved 1048576K
}
Event: 3255.111 GC heap after
{Heap after GC invocations=80 (full 16):
 garbage-first heap   total 116736K, used 33912K [0x000000070a200000, 0x0000000800000000)
  region size 2048K, 0 young (0K), 0 survivors (0K)
 Metaspace       used 80726K, committed 82176K, reserved 1179648K
  class space    used 11769K, committed 12224K, reserved 1048576K
}
Event: 3255.567 GC heap before
{Heap before GC invocations=80 (full 16):
 garbage-first heap   total 116736K, used 89208K [0x000000070a200000, 0x0000000800000000)
  region size 2048K, 27 young (55296K), 0 survivors (0K)
 Metaspace       used 80900K, committed 82176K, reserved 1179648K
  class space    used 11787K, committed 12224K, reserved 1048576K
}
Event: 3255.569 GC heap after
{Heap after GC invocations=81 (full 16):
 garbage-first heap   total 116736K, used 38200K [0x000000070a200000, 0x0000000800000000)
  region size 2048K, 3 young (6144K), 3 survivors (6144K)
 Metaspace       used 80900K, committed 82176K, reserved 1179648K
  class space    used 11787K, committed 12224K, reserved 1048576K
}
Event: 3262.783 GC heap before
{Heap before GC invocations=81 (full 16):
 garbage-first heap   total 116736K, used 89400K [0x000000070a200000, 0x0000000800000000)
  region size 2048K, 28 young (57344K), 3 survivors (6144K)
 Metaspace       used 81369K, committed 82176K, reserved 1179648K
  class space    used 11830K, committed 12224K, reserved 1048576K
}
Event: 3262.787 GC heap after
{Heap after GC invocations=82 (full 16):
 garbage-first heap   total 116736K, used 40654K [0x000000070a200000, 0x0000000800000000)
  region size 2048K, 4 young (8192K), 4 survivors (8192K)
 Metaspace       used 81369K, committed 82176K, reserved 1179648K
  class space    used 11830K, committed 12224K, reserved 1048576K
}
Event: 3280.331 GC heap before
{Heap before GC invocations=82 (full 16):
 garbage-first heap   total 116736K, used 42702K [0x000000070a200000, 0x0000000800000000)
  region size 2048K, 6 young (12288K), 4 survivors (8192K)
 Metaspace       used 81372K, committed 82176K, reserved 1179648K
  class space    used 11831K, committed 12224K, reserved 1048576K
}
Event: 3280.382 GC heap after
{Heap after GC invocations=83 (full 17):
 garbage-first heap   total 116736K, used 33656K [0x000000070a200000, 0x0000000800000000)
  region size 2048K, 0 young (0K), 0 survivors (0K)
 Metaspace       used 81369K, committed 82176K, reserved 1179648K
  class space    used 11830K, committed 12224K, reserved 1048576K
}
Event: 3280.828 GC heap before
{Heap before GC invocations=83 (full 17):
 garbage-first heap   total 116736K, used 86904K [0x000000070a200000, 0x0000000800000000)
  region size 2048K, 26 young (53248K), 0 survivors (0K)
 Metaspace       used 81597K, committed 82304K, reserved 1179648K
  class space    used 11857K, committed 12224K, reserved 1048576K
}
Event: 3280.831 GC heap after
{Heap after GC invocations=84 (full 17):
 garbage-first heap   total 116736K, used 37941K [0x000000070a200000, 0x0000000800000000)
  region size 2048K, 3 young (6144K), 3 survivors (6144K)
 Metaspace       used 81597K, committed 82304K, reserved 1179648K
  class space    used 11857K, committed 12224K, reserved 1048576K
}
Event: 3281.159 GC heap before
{Heap before GC invocations=84 (full 17):
 garbage-first heap   total 116736K, used 87093K [0x000000070a200000, 0x0000000800000000)
  region size 2048K, 27 young (55296K), 3 survivors (6144K)
 Metaspace       used 81943K, committed 82688K, reserved 1179648K
  class space    used 11890K, committed 12288K, reserved 1048576K
}
Event: 3281.162 GC heap after
{Heap after GC invocations=85 (full 17):
 garbage-first heap   total 116736K, used 40317K [0x000000070a200000, 0x0000000800000000)
  region size 2048K, 4 young (8192K), 4 survivors (8192K)
 Metaspace       used 81943K, committed 82688K, reserved 1179648K
  class space    used 11890K, committed 12288K, reserved 1048576K
}

